#-----------------------------------------------------------
# PlanAhead v14.7 (64-bit)
# Build 321239 by xbuild on Fri Sep 27 19:29:51 MDT 2013
# Start of session at: Sun Oct 04 12:40:14 2020
# Process ID: 11980
# Log file: D:/FPGA/CHIA2TANSO/planAhead_run_2/planAhead.log
# Journal file: D:/FPGA/CHIA2TANSO/planAhead_run_2/planAhead.jou
#-----------------------------------------------------------
INFO: [Common 17-78] Attempting to get a license: PlanAhead
INFO: [Common 17-290] Got license for PlanAhead
INFO: [Device 21-36] Loading parts and site information from D:/XIOLIN/14.7/ISE_DS/PlanAhead/data/parts/arch.xml
Parsing RTL primitives file [D:/XIOLIN/14.7/ISE_DS/PlanAhead/data/parts/xilinx/rtl/prims/rtl_prims.xml]
Finished parsing RTL primitives file [D:/XIOLIN/14.7/ISE_DS/PlanAhead/data/parts/xilinx/rtl/prims/rtl_prims.xml]
start_gui
source D:/FPGA/CHIA2TANSO/pa.fromHdl.tcl
# create_project -name CHIA2TANSO -dir "D:/FPGA/CHIA2TANSO/planAhead_run_2" -part xc3s50atq144-4
# set_param project.pinAheadLayout yes
# set srcset [get_property srcset [current_run -impl]]
# set_property target_constrs_file "CHIA2TANSO.ucf" [current_fileset -constrset]
Adding file 'D:/FPGA/CHIA2TANSO/CHIA2TANSO.ucf' to fileset 'constrs_1'
# set hdlfile [add_files [list {CHIA2XUNG.vhd}]]
# set_property file_type VHDL $hdlfile
# set_property library work $hdlfile
# set hdlfile [add_files [list {CHIA2TANSO.vhd}]]
# set_property file_type VHDL $hdlfile
# set_property library work $hdlfile
# set_property top CHIA2TANSO $srcset
# add_files [list {CHIA2TANSO.ucf}] -fileset [get_property constrset [current_run]]
# open_rtl_design -part xc3s50atq144-4
Using Verific elaboration
Parsing VHDL file "D:/XIOLIN/14.7/ISE_DS/PlanAhead/data/parts/xilinx/rtl/lib/synplify/synattr.vhd" into library synplify
Parsing VHDL file "D:/XIOLIN/14.7/ISE_DS/PlanAhead/data/parts/xilinx/rtl/lib/synplify/synattr.vhd" into library synplify
Parsing VHDL file "D:/FPGA/CHIA2TANSO/CHIA2XUNG.vhd" into library work
Parsing VHDL file "D:/FPGA/CHIA2TANSO/CHIA2TANSO.vhd" into library work
INFO: [Designutils 20-910] Reading macro library D:/XIOLIN/14.7/ISE_DS/PlanAhead/data\./parts/xilinx/spartan3a/hd_int_macros.edn
Parsing EDIF File [D:/XIOLIN/14.7/ISE_DS/PlanAhead/data\./parts/xilinx/spartan3a/hd_int_macros.edn]
Finished Parsing EDIF File [D:/XIOLIN/14.7/ISE_DS/PlanAhead/data\./parts/xilinx/spartan3a/hd_int_macros.edn]
Loading clock regions from D:/XIOLIN/14.7/ISE_DS/PlanAhead/data\parts/xilinx/spartan3a/spartan3a/xc3s50a/ClockRegion.xml
Loading clock buffers from D:/XIOLIN/14.7/ISE_DS/PlanAhead/data\parts/xilinx/spartan3a/spartan3a/xc3s50a/ClockBuffers.xml
Loading package from D:/XIOLIN/14.7/ISE_DS/PlanAhead/data\parts/xilinx/spartan3a/spartan3a/xc3s50a/tq144/Package.xml
Loading io standards from D:/XIOLIN/14.7/ISE_DS/PlanAhead/data\./parts/xilinx/spartan3a/IOStandards.xml
INFO: [Device 21-19] Loading pkg sso from D:/XIOLIN/14.7/ISE_DS/PlanAhead/data\parts/xilinx/spartan3a/spartan3a/xc3s50a/tq144/SSORules.xml
Loading list of drcs for the architecture : D:/XIOLIN/14.7/ISE_DS/PlanAhead/data\./parts/xilinx/spartan3a/drc.xml
INFO: [Timing 38-77] Reading timing library D:/XIOLIN/14.7/ISE_DS/PlanAhead/data\parts/xilinx/spartan3a/spartan3a/spartan3a-4.lib.
INFO: [Timing 38-34] Done reading timing library D:/XIOLIN/14.7/ISE_DS/PlanAhead/data\parts/xilinx/spartan3a/spartan3a/spartan3a-4.lib.
Parsing UCF File [D:/FPGA/CHIA2TANSO/CHIA2TANSO.ucf]
CRITICAL WARNING: [Designutils 20-31] Unrecognized symbol ET [D:/FPGA/CHIA2TANSO/CHIA2TANSO.ucf:13]
Finished Parsing UCF File [D:/FPGA/CHIA2TANSO/CHIA2TANSO.ucf]
INFO: [Designutils 20-20] Invalid constraints found, use command 'write_ucf -constraints invalid <file>' to save all the invalid constraints to a file
INFO: [Project 1-111] Unisim Transformation Summary:
No Unisim elements were transformed.

Phase 0 | Netlist Checksum: 9f7afdd0
update_compile_order -fileset sim_1
startgroup
set_property package_pin P47 [get_ports {LED[1]}]
endgroup
save_constraints
exit
ERROR: [PlanAhead 12-106] *** Exception: ui.h.b: Found deleted key in HTclEventBroker. Verify if the classes listed here call cleanup()
HTclEvent: SIGNAL_BUS_MODIFY   Classes: ui.views.aR 
HTclEvent: DEBUG_PORT_CONFIG_CHANGE   Classes: ui.views.aR 
HTclEvent: DEBUG_CORE_CONFIG_CHANGE   Classes: ui.views.aR 
HTclEvent: SIGNAL_MODIFY   Classes: ui.views.aR 
 (See D:/FPGA/CHIA2TANSO\planAhead_pid11980.debug)
ERROR: [Common 17-39] 'stop_gui' failed due to earlier errors.
INFO: [Common 17-206] Exiting PlanAhead at Sun Oct 04 12:40:53 2020...
INFO: [Common 17-83] Releasing license: PlanAhead
