Release 14.7 - xst P.20131013 (nt64)
Copyright (c) 1995-2013 Xilinx, Inc.  All rights reserved.
--> Parameter TMPDIR set to xst/projnav.tmp


Total REAL time to Xst completion: 0.00 secs
Total CPU time to Xst completion: 0.06 secs
 
--> Parameter xsthdpdir set to xst


Total REAL time to Xst completion: 0.00 secs
Total CPU time to Xst completion: 0.06 secs
 
--> Reading design: CHIATANSOENA.prj

TABLE OF CONTENTS
  1) Synthesis Options Summary
  2) HDL Compilation
  3) Design Hierarchy Analysis
  4) HDL Analysis
  5) HDL Synthesis
     5.1) HDL Synthesis Report
  6) Advanced HDL Synthesis
     6.1) Advanced HDL Synthesis Report
  7) Low Level Synthesis
  8) Partition Report
  9) Final Report
	9.1) Device utilization summary
	9.2) Partition Resource Summary
	9.3) TIMING REPORT


=========================================================================
*                      Synthesis Options Summary                        *
=========================================================================
---- Source Parameters
Input File Name                    : "CHIATANSOENA.prj"
Input Format                       : mixed
Ignore Synthesis Constraint File   : NO

---- Target Parameters
Output File Name                   : "CHIATANSOENA"
Output Format                      : NGC
Target Device                      : xc3s50a-4-tq144

---- Source Options
Top Module Name                    : CHIATANSOENA
Automatic FSM Extraction           : YES
FSM Encoding Algorithm             : Auto
Safe Implementation                : No
FSM Style                          : LUT
RAM Extraction                     : Yes
RAM Style                          : Auto
ROM Extraction                     : Yes
Mux Style                          : Auto
Decoder Extraction                 : YES
Priority Encoder Extraction        : Yes
Shift Register Extraction          : YES
Logical Shifter Extraction         : YES
XOR Collapsing                     : YES
ROM Style                          : Auto
Mux Extraction                     : Yes
Resource Sharing                   : YES
Asynchronous To Synchronous        : NO
Multiplier Style                   : Auto
Automatic Register Balancing       : No

---- Target Options
Add IO Buffers                     : YES
Global Maximum Fanout              : 100000
Add Generic Clock Buffer(BUFG)     : 24
Register Duplication               : YES
Slice Packing                      : YES
Optimize Instantiated Primitives   : NO
Use Clock Enable                   : Yes
Use Synchronous Set                : Yes
Use Synchronous Reset              : Yes
Pack IO Registers into IOBs        : Auto
Equivalent register Removal        : YES

---- General Options
Optimization Goal                  : Speed
Optimization Effort                : 1
Keep Hierarchy                     : No
Netlist Hierarchy                  : As_Optimized
RTL Output                         : Yes
Global Optimization                : AllClockNets
Read Cores                         : YES
Write Timing Constraints           : NO
Cross Clock Analysis               : NO
Hierarchy Separator                : /
Bus Delimiter                      : <>
Case Specifier                     : Maintain
Slice Utilization Ratio            : 100
BRAM Utilization Ratio             : 100
Verilog 2001                       : YES
Auto BRAM Packing                  : NO
Slice Utilization Ratio Delta      : 5

=========================================================================


=========================================================================
*                          HDL Compilation                              *
=========================================================================
Compiling vhdl file "D:/FPGA/CHITANSOENALE/CHIATANSOENA.vhd" in Library work.
Entity <chiatansoena> compiled.
Entity <chiatansoena> (Architecture <behavioral>) compiled.

=========================================================================
*                     Design Hierarchy Analysis                         *
=========================================================================
Analyzing hierarchy for entity <CHIATANSOENA> in library <work> (architecture <behavioral>).


=========================================================================
*                            HDL Analysis                               *
=========================================================================
Analyzing Entity <CHIATANSOENA> in library <work> (Architecture <behavioral>).
Entity <CHIATANSOENA> analyzed. Unit <CHIATANSOENA> generated.


=========================================================================
*                           HDL Synthesis                               *
=========================================================================

Performing bidirectional port resolution...

Synthesizing Unit <CHIATANSOENA>.
    Related source file is "D:/FPGA/CHITANSOENALE/CHIATANSOENA.vhd".
    Found 24-bit comparator less for signal <CK1HZ$cmp_lt0000> created at line 52.
    Found 24-bit adder for signal <D1_NEXT$addsub0000> created at line 48.
    Found 24-bit register for signal <D1_REG>.
    Summary:
	inferred  24 D-type flip-flop(s).
	inferred   1 Adder/Subtractor(s).
	inferred   1 Comparator(s).
Unit <CHIATANSOENA> synthesized.


=========================================================================
HDL Synthesis Report

Macro Statistics
# Adders/Subtractors                                   : 1
 24-bit adder                                          : 1
# Registers                                            : 1
 24-bit register                                       : 1
# Comparators                                          : 1
 24-bit comparator less                                : 1

=========================================================================

=========================================================================
*                       Advanced HDL Synthesis                          *
=========================================================================


=========================================================================
Advanced HDL Synthesis Report

Macro Statistics
# Adders/Subtractors                                   : 1
 24-bit adder                                          : 1
# Registers                                            : 24
 Flip-Flops                                            : 24
# Comparators                                          : 1
 24-bit comparator less                                : 1

=========================================================================

=========================================================================
*                         Low Level Synthesis                           *
=========================================================================

Optimizing unit <CHIATANSOENA> ...

Mapping all equations...
Building and optimizing final netlist ...
Found area constraint ratio of 100 (+ 5) on block CHIATANSOENA, actual ratio is 3.

Final Macro Processing ...

=========================================================================
Final Register Report

Macro Statistics
# Registers                                            : 24
 Flip-Flops                                            : 24

=========================================================================

=========================================================================
*                           Partition Report                            *
=========================================================================

Partition Implementation Status
-------------------------------

  No Partitions were found in this design.

-------------------------------

=========================================================================
*                            Final Report                               *
=========================================================================
Final Results
RTL Top Level Output File Name     : CHIATANSOENA.ngr
Top Level Output File Name         : CHIATANSOENA
Output Format                      : NGC
Optimization Goal                  : Speed
Keep Hierarchy                     : No

Design Statistics
# IOs                              : 3

Cell Usage :
# BELS                             : 107
#      GND                         : 1
#      INV                         : 6
#      LUT1                        : 24
#      LUT2                        : 6
#      LUT3                        : 2
#      LUT4                        : 9
#      LUT4_D                      : 1
#      MUXCY                       : 33
#      VCC                         : 1
#      XORCY                       : 24
# FlipFlops/Latches                : 24
#      FDR_1                       : 23
#      FDS_1                       : 1
# Clock Buffers                    : 1
#      BUFGP                       : 1
# IO Buffers                       : 2
#      OBUF                        : 2
=========================================================================

Device utilization summary:
---------------------------

Selected Device : 3s50atq144-4 

 Number of Slices:                       24  out of    704     3%  
 Number of Slice Flip Flops:             24  out of   1408     1%  
 Number of 4 input LUTs:                 48  out of   1408     3%  
 Number of IOs:                           3
 Number of bonded IOBs:                   3  out of    108     2%  
 Number of GCLKs:                         1  out of     24     4%  

---------------------------
Partition Resource Summary:
---------------------------

  No Partitions were found in this design.

---------------------------


=========================================================================
TIMING REPORT

NOTE: THESE TIMING NUMBERS ARE ONLY A SYNTHESIS ESTIMATE.
      FOR ACCURATE TIMING INFORMATION PLEASE REFER TO THE TRACE REPORT
      GENERATED AFTER PLACE-and-ROUTE.

Clock Information:
------------------
-----------------------------------+------------------------+-------+
Clock Signal                       | Clock buffer(FF name)  | Load  |
-----------------------------------+------------------------+-------+
CKHT                               | BUFGP                  | 24    |
-----------------------------------+------------------------+-------+

Asynchronous Control Signals Information:
----------------------------------------
No asynchronous control signals found in this design

Timing Summary:
---------------
Speed Grade: -4

   Minimum period: 5.912ns (Maximum Frequency: 169.148MHz)
   Minimum input arrival time before clock: No path found
   Maximum output required time after clock: 9.398ns
   Maximum combinational path delay: No path found

Timing Detail:
--------------
All values displayed in nanoseconds (ns)

=========================================================================
Timing constraint: Default period analysis for Clock 'CKHT'
  Clock period: 5.912ns (frequency: 169.148MHz)
  Total number of paths / destination ports: 876 / 48
-------------------------------------------------------------------------
Delay:               5.912ns (Levels of Logic = 3)
  Source:            D1_REG_1 (FF)
  Destination:       D1_REG_0 (FF)
  Source Clock:      CKHT falling
  Destination Clock: CKHT falling

  Data Path: D1_REG_1 to D1_REG_0
                                Gate     Net
    Cell:in->out      fanout   Delay   Delay  Logical Name (Net Name)
    ----------------------------------------  ------------
     FDR_1:C->Q            2   0.591   0.590  D1_REG_1 (D1_REG_1)
     LUT4:I0->O            1   0.648   0.563  D1_NEXT_cmp_eq0000142 (D1_NEXT_cmp_eq0000142)
     LUT4_D:I0->LO         1   0.648   0.103  D1_NEXT_cmp_eq0000156 (N11)
     LUT4:I3->O           24   0.648   1.252  D1_NEXT_cmp_eq000049 (D1_NEXT_cmp_eq0000)
     FDS_1:S                   0.869          D1_REG_0
    ----------------------------------------
    Total                      5.912ns (3.404ns logic, 2.508ns route)
                                       (57.6% logic, 42.4% route)

=========================================================================
Timing constraint: Default OFFSET OUT AFTER for Clock 'CKHT'
  Total number of paths / destination ports: 41 / 2
-------------------------------------------------------------------------
Offset:              9.398ns (Levels of Logic = 13)
  Source:            D1_REG_7 (FF)
  Destination:       CK1HZ (PAD)
  Source Clock:      CKHT falling

  Data Path: D1_REG_7 to CK1HZ
                                Gate     Net
    Cell:in->out      fanout   Delay   Delay  Logical Name (Net Name)
    ----------------------------------------  ------------
     FDR_1:C->Q            4   0.591   0.730  D1_REG_7 (D1_REG_7)
     LUT2:I0->O            1   0.648   0.000  Mcompar_CK1HZ_cmp_lt0000_lut<0> (Mcompar_CK1HZ_cmp_lt0000_lut<0>)
     MUXCY:S->O            1   0.632   0.000  Mcompar_CK1HZ_cmp_lt0000_cy<0> (Mcompar_CK1HZ_cmp_lt0000_cy<0>)
     MUXCY:CI->O           1   0.065   0.000  Mcompar_CK1HZ_cmp_lt0000_cy<1> (Mcompar_CK1HZ_cmp_lt0000_cy<1>)
     MUXCY:CI->O           1   0.065   0.000  Mcompar_CK1HZ_cmp_lt0000_cy<2> (Mcompar_CK1HZ_cmp_lt0000_cy<2>)
     MUXCY:CI->O           1   0.065   0.000  Mcompar_CK1HZ_cmp_lt0000_cy<3> (Mcompar_CK1HZ_cmp_lt0000_cy<3>)
     MUXCY:CI->O           1   0.065   0.000  Mcompar_CK1HZ_cmp_lt0000_cy<4> (Mcompar_CK1HZ_cmp_lt0000_cy<4>)
     MUXCY:CI->O           1   0.065   0.000  Mcompar_CK1HZ_cmp_lt0000_cy<5> (Mcompar_CK1HZ_cmp_lt0000_cy<5>)
     MUXCY:CI->O           1   0.065   0.000  Mcompar_CK1HZ_cmp_lt0000_cy<6> (Mcompar_CK1HZ_cmp_lt0000_cy<6>)
     MUXCY:CI->O           1   0.065   0.000  Mcompar_CK1HZ_cmp_lt0000_cy<7> (Mcompar_CK1HZ_cmp_lt0000_cy<7>)
     MUXCY:CI->O           1   0.065   0.000  Mcompar_CK1HZ_cmp_lt0000_cy<8> (Mcompar_CK1HZ_cmp_lt0000_cy<8>)
     MUXCY:CI->O           1   0.269   0.420  Mcompar_CK1HZ_cmp_lt0000_cy<9> (Mcompar_CK1HZ_cmp_lt0000_cy<9>)
     INV:I->O              1   0.648   0.420  Mcompar_CK1HZ_cmp_lt0000_cy<9>_inv_INV_0 (CK1HZ_OBUF)
     OBUF:I->O                 4.520          CK1HZ_OBUF (CK1HZ)
    ----------------------------------------
    Total                      9.398ns (7.828ns logic, 1.570ns route)
                                       (83.3% logic, 16.7% route)

=========================================================================


Total REAL time to Xst completion: 3.00 secs
Total CPU time to Xst completion: 3.42 secs
 
--> 

Total memory usage is 4513472 kilobytes

Number of errors   :    0 (   0 filtered)
Number of warnings :    0 (   0 filtered)
Number of infos    :    0 (   0 filtered)

