#-----------------------------------------------------------
# PlanAhead v14.7 (64-bit)
# Build 321239 by xbuild on Fri Sep 27 19:29:51 MDT 2013
# Start of session at: Mon Oct 12 12:05:19 2020
# Process ID: 7892
# Log file: D:/FPGA/DEM4BIT/planAhead_run_1/planAhead.log
# Journal file: D:/FPGA/DEM4BIT/planAhead_run_1/planAhead.jou
#-----------------------------------------------------------
INFO: [Common 17-78] Attempting to get a license: PlanAhead
INFO: [Common 17-290] Got license for PlanAhead
INFO: [Device 21-36] Loading parts and site information from D:/XIOLIN/14.7/ISE_DS/PlanAhead/data/parts/arch.xml
Parsing RTL primitives file [D:/XIOLIN/14.7/ISE_DS/PlanAhead/data/parts/xilinx/rtl/prims/rtl_prims.xml]
Finished parsing RTL primitives file [D:/XIOLIN/14.7/ISE_DS/PlanAhead/data/parts/xilinx/rtl/prims/rtl_prims.xml]
start_gui
source D:/FPGA/DEM4BIT/pa.fromHdl.tcl
# create_project -name DEM4BIT -dir "D:/FPGA/DEM4BIT/planAhead_run_1" -part xc3s50atq144-4
# set_param project.pinAheadLayout yes
# set srcset [get_property srcset [current_run -impl]]
# set_property target_constrs_file "DEM4BIT.ucf" [current_fileset -constrset]
Adding file 'D:/FPGA/DEM4BIT/DEM4BIT.ucf' to fileset 'constrs_1'
# set hdlfile [add_files [list {DEM4BITS.vhd}]]
# set_property file_type VHDL $hdlfile
# set_property library work $hdlfile
# set hdlfile [add_files [list {CHIAENABLE1HZ.vhd}]]
# set_property file_type VHDL $hdlfile
# set_property library work $hdlfile
# set hdlfile [add_files [list {DEM4BIT.vhd}]]
# set_property file_type VHDL $hdlfile
# set_property library work $hdlfile
# set_property top DEM4BIT $srcset
# add_files [list {DEM4BIT.ucf}] -fileset [get_property constrset [current_run]]
# open_rtl_design -part xc3s50atq144-4
Using Verific elaboration
Parsing VHDL file "D:/XIOLIN/14.7/ISE_DS/PlanAhead/data/parts/xilinx/rtl/lib/synplify/synattr.vhd" into library synplify
Parsing VHDL file "D:/XIOLIN/14.7/ISE_DS/PlanAhead/data/parts/xilinx/rtl/lib/synplify/synattr.vhd" into library synplify
Parsing VHDL file "D:/FPGA/DEM4BIT/DEM4BITS.vhd" into library work
Parsing VHDL file "D:/FPGA/DEM4BIT/CHIAENABLE1HZ.vhd" into library work
Parsing VHDL file "D:/FPGA/DEM4BIT/DEM4BIT.vhd" into library work
CRITICAL WARNING: [EDIF 20-96] Could not resolve non-primitive black box cell 'DEM4BITS' instantiated as 'DEM4BITS' [D:/FPGA/DEM4BIT/DEM4BIT.vhd:47]
Resolution: File names need to match cell names: an EDIF definition will be found in DEM4BITS.edf; an HDL definition may be placed in any Verilog/VHDL file.
INFO: [Designutils 20-910] Reading macro library D:/XIOLIN/14.7/ISE_DS/PlanAhead/data\./parts/xilinx/spartan3a/hd_int_macros.edn
Parsing EDIF File [D:/XIOLIN/14.7/ISE_DS/PlanAhead/data\./parts/xilinx/spartan3a/hd_int_macros.edn]
Finished Parsing EDIF File [D:/XIOLIN/14.7/ISE_DS/PlanAhead/data\./parts/xilinx/spartan3a/hd_int_macros.edn]
Loading clock regions from D:/XIOLIN/14.7/ISE_DS/PlanAhead/data\parts/xilinx/spartan3a/spartan3a/xc3s50a/ClockRegion.xml
Loading clock buffers from D:/XIOLIN/14.7/ISE_DS/PlanAhead/data\parts/xilinx/spartan3a/spartan3a/xc3s50a/ClockBuffers.xml
Loading package from D:/XIOLIN/14.7/ISE_DS/PlanAhead/data\parts/xilinx/spartan3a/spartan3a/xc3s50a/tq144/Package.xml
Loading io standards from D:/XIOLIN/14.7/ISE_DS/PlanAhead/data\./parts/xilinx/spartan3a/IOStandards.xml
INFO: [Device 21-19] Loading pkg sso from D:/XIOLIN/14.7/ISE_DS/PlanAhead/data\parts/xilinx/spartan3a/spartan3a/xc3s50a/tq144/SSORules.xml
Loading list of drcs for the architecture : D:/XIOLIN/14.7/ISE_DS/PlanAhead/data\./parts/xilinx/spartan3a/drc.xml
INFO: [Timing 38-77] Reading timing library D:/XIOLIN/14.7/ISE_DS/PlanAhead/data\parts/xilinx/spartan3a/spartan3a/spartan3a-4.lib.
INFO: [Timing 38-34] Done reading timing library D:/XIOLIN/14.7/ISE_DS/PlanAhead/data\parts/xilinx/spartan3a/spartan3a/spartan3a-4.lib.
Parsing UCF File [D:/FPGA/DEM4BIT/DEM4BIT.ucf]
Finished Parsing UCF File [D:/FPGA/DEM4BIT/DEM4BIT.ucf]
INFO: [Project 1-111] Unisim Transformation Summary:
No Unisim elements were transformed.

Phase 0 | Netlist Checksum: 8fa8fda4
update_compile_order -fileset sim_1
startgroup
set_property package_pin P46 [get_ports {LED[0]}]
endgroup
startgroup
set_property package_pin P47 [get_ports {LED[1]}]
endgroup
startgroup
set_property package_pin P48 [get_ports {LED[2]}]
endgroup
startgroup
set_property package_pin P49 [get_ports {LED[3]}]
endgroup
set_property iostandard LVTTL [get_ports [list {LED[3]}]]
set_property iostandard LVTTL [get_ports [list {LED[2]}]]
set_property iostandard LVTTL [get_ports [list {LED[1]}]]
set_property iostandard LVCMOS25 [get_ports [list {LED[0]}]]
set_property iostandard LVTTL [get_ports [list {LED[0]}]]
startgroup
set_property package_pin P129 [get_ports CKHT]
endgroup
startgroup
set_property package_pin P75 [get_ports BTN_N0]
endgroup
set_property iostandard LVTTL [get_ports [list BTN_N0]]
set_property iostandard LVTTL [get_ports [list CKHT]]
set_property pulltype PULLDOWN [get_ports [list BTN_N0]]
set_property pulltype PULLUP [get_ports [list BTN_N0]]
save_constraints
exit
ERROR: [PlanAhead 12-106] *** Exception: ui.h.b: Found deleted key in HTclEventBroker. Verify if the classes listed here call cleanup()
HTclEvent: SIGNAL_BUS_MODIFY   Classes: ui.views.aR 
HTclEvent: DEBUG_PORT_CONFIG_CHANGE   Classes: ui.views.aR 
HTclEvent: SIGNAL_MODIFY   Classes: ui.views.aR 
HTclEvent: DEBUG_CORE_CONFIG_CHANGE   Classes: ui.views.aR 
 (See D:/FPGA/DEM4BIT\planAhead_pid7892.debug)
ERROR: [Common 17-39] 'stop_gui' failed due to earlier errors.
INFO: [Common 17-206] Exiting PlanAhead at Mon Oct 12 12:09:00 2020...
INFO: [Common 17-83] Releasing license: PlanAhead
